<?xml version="1.0" encoding="UTF-8"?>
<!-- Generated by org.testng.reporters.JUnitReportReporter -->
<testsuite hostname="C02HG5W5Q6L5" failures="0" tests="1" name="TestCases.TC_002_AccountLoginTest" time="13.200" errors="0" timestamp="2024-11-14T11:59:24 IST" skipped="0">
  <testcase classname="TestCases.TC_002_AccountLoginTest" name="verifyAccountLogin" time="13.200"/>
  <system-out/>
</testsuite> <!-- TestCases.TC_002_AccountLoginTest -->
